Copyright 1986-2022 Xilinx, Inc. All Rights Reserved. Copyright 2022-2024 Advanced Micro Devices, Inc. All Rights Reserved.
---------------------------------------------------------------------------------------------------------------------------------------------
| Tool Version : Vivado v.2024.2 (lin64) Build 5239630 Fri Nov 08 22:34:34 MST 2024
| Date         : Thu Aug  7 11:35:41 2025
| Host         : maxwell running 64-bit Ubuntu 22.04.5 LTS
| Command      : report_utilization -file pl_eth_10g_wrapper_utilization_placed.rpt -pb pl_eth_10g_wrapper_utilization_placed.pb
| Design       : pl_eth_10g_wrapper
| Device       : xczu9eg-ffvb1156-2-e
| Speed File   : -2
| Design State : Fully Placed
---------------------------------------------------------------------------------------------------------------------------------------------

Utilization Design Information

Table of Contents
-----------------
1. CLB Logic
1.1 Summary of Registers by Type
2. CLB Logic Distribution
3. BLOCKRAM
4. ARITHMETIC
5. I/O
6. CLOCK
7. ADVANCED
8. CONFIGURATION
9. Primitives
10. Black Boxes
11. Instantiated Netlists

1. CLB Logic
------------

+----------------------------+-------+-------+------------+-----------+-------+
|          Site Type         |  Used | Fixed | Prohibited | Available | Util% |
+----------------------------+-------+-------+------------+-----------+-------+
| CLB LUTs                   | 34984 |     0 |          0 |    274080 | 12.76 |
|   LUT as Logic             | 31338 |     0 |          0 |    274080 | 11.43 |
|   LUT as Memory            |  3646 |     0 |          0 |    144000 |  2.53 |
|     LUT as Distributed RAM |   382 |     0 |            |           |       |
|     LUT as Shift Register  |  3264 |     0 |            |           |       |
| CLB Registers              | 56302 |     0 |          0 |    548160 | 10.27 |
|   Register as Flip Flop    | 56302 |     0 |          0 |    548160 | 10.27 |
|   Register as Latch        |     0 |     0 |          0 |    548160 |  0.00 |
| CARRY8                     |  1877 |     0 |          0 |     34260 |  5.48 |
| F7 Muxes                   |   240 |     0 |          0 |    137040 |  0.18 |
| F8 Muxes                   |     0 |     0 |          0 |     68520 |  0.00 |
| F9 Muxes                   |     0 |     0 |          0 |     34260 |  0.00 |
+----------------------------+-------+-------+------------+-----------+-------+
* Warning! LUT value is adjusted to account for LUT combining.


1.1 Summary of Registers by Type
--------------------------------

+-------+--------------+-------------+--------------+
| Total | Clock Enable | Synchronous | Asynchronous |
+-------+--------------+-------------+--------------+
| 0     |            _ |           - |            - |
| 0     |            _ |           - |          Set |
| 0     |            _ |           - |        Reset |
| 0     |            _ |         Set |            - |
| 0     |            _ |       Reset |            - |
| 0     |          Yes |           - |            - |
| 303   |          Yes |           - |          Set |
| 2010  |          Yes |           - |        Reset |
| 1925  |          Yes |         Set |            - |
| 52064 |          Yes |       Reset |            - |
+-------+--------------+-------------+--------------+


2. CLB Logic Distribution
-------------------------

+--------------------------------------------+-------+-------+------------+-----------+-------+
|                  Site Type                 |  Used | Fixed | Prohibited | Available | Util% |
+--------------------------------------------+-------+-------+------------+-----------+-------+
| CLB                                        |  8659 |     0 |          0 |     34260 | 25.27 |
|   CLBL                                     |  4144 |     0 |            |           |       |
|   CLBM                                     |  4515 |     0 |            |           |       |
| LUT as Logic                               | 31338 |     0 |          0 |    274080 | 11.43 |
|   using O5 output only                     |   611 |       |            |           |       |
|   using O6 output only                     | 23629 |       |            |           |       |
|   using O5 and O6                          |  7098 |       |            |           |       |
| LUT as Memory                              |  3646 |     0 |          0 |    144000 |  2.53 |
|   LUT as Distributed RAM                   |   382 |     0 |            |           |       |
|     using O5 output only                   |     0 |       |            |           |       |
|     using O6 output only                   |     8 |       |            |           |       |
|     using O5 and O6                        |   374 |       |            |           |       |
|   LUT as Shift Register                    |  3264 |     0 |            |           |       |
|     using O5 output only                   |     1 |       |            |           |       |
|     using O6 output only                   |  1163 |       |            |           |       |
|     using O5 and O6                        |  2100 |       |            |           |       |
| CLB Registers                              | 56302 |     0 |          0 |    548160 | 10.27 |
|   Register driven from within the CLB      | 31067 |       |            |           |       |
|   Register driven from outside the CLB     | 25235 |       |            |           |       |
|     LUT in front of the register is unused | 19425 |       |            |           |       |
|     LUT in front of the register is used   |  5810 |       |            |           |       |
| Unique Control Sets                        |  1398 |       |          0 |     68520 |  2.04 |
+--------------------------------------------+-------+-------+------------+-----------+-------+
* * Note: Available Control Sets calculated as Slices * 2, Review the Control Sets Report for more information regarding control sets.


3. BLOCKRAM
-----------

+-------------------+------+-------+------------+-----------+-------+
|     Site Type     | Used | Fixed | Prohibited | Available | Util% |
+-------------------+------+-------+------------+-----------+-------+
| Block RAM Tile    |  276 |     0 |          0 |       912 | 30.26 |
|   RAMB36/FIFO*    |  227 |     0 |          0 |       912 | 24.89 |
|     FIFO36E2 only |   64 |       |            |           |       |
|     RAMB36E2 only |  163 |       |            |           |       |
|   RAMB18          |   98 |     0 |          0 |      1824 |  5.37 |
|     RAMB18E2 only |   98 |       |            |           |       |
+-------------------+------+-------+------------+-----------+-------+
* Note: Each Block RAM Tile only has one FIFO logic available and therefore can accommodate only one FIFO36E2 or one FIFO18E2. However, if a FIFO18E2 occupies a Block RAM Tile, that tile can still accommodate a RAMB18E2


4. ARITHMETIC
-------------

+----------------+------+-------+------------+-----------+-------+
|    Site Type   | Used | Fixed | Prohibited | Available | Util% |
+----------------+------+-------+------------+-----------+-------+
| DSPs           |  208 |     0 |          0 |      2520 |  8.25 |
|   DSP48E2 only |  208 |       |            |           |       |
+----------------+------+-------+------------+-----------+-------+


5. I/O
------

+------------------+------+-------+------------+-----------+-------+
|     Site Type    | Used | Fixed | Prohibited | Available | Util% |
+------------------+------+-------+------------+-----------+-------+
| Bonded IOB       |    1 |     1 |          0 |       328 |  0.30 |
| HPIOB_M          |    0 |     0 |          0 |        96 |  0.00 |
| HPIOB_S          |    0 |     0 |          0 |        96 |  0.00 |
| HDIOB_M          |    0 |     0 |          0 |        60 |  0.00 |
| HDIOB_S          |    1 |     1 |          0 |        60 |  1.67 |
|   INPUT          |    0 |       |            |           |       |
|   OUTPUT         |    1 |       |            |           |       |
|   BIDIR          |    0 |       |            |           |       |
| HPIOB_SNGL       |    0 |     0 |          0 |        16 |  0.00 |
| HPIOBDIFFINBUF   |    0 |     0 |          0 |        96 |  0.00 |
| HPIOBDIFFOUTBUF  |    0 |     0 |          0 |        96 |  0.00 |
| HDIOBDIFFINBUF   |    0 |     0 |          0 |        60 |  0.00 |
| BITSLICE_CONTROL |    0 |     0 |          0 |        32 |  0.00 |
| BITSLICE_RX_TX   |    0 |     0 |          0 |      1248 |  0.00 |
| BITSLICE_TX      |    0 |     0 |          0 |        32 |  0.00 |
| RIU_OR           |    0 |     0 |          0 |        16 |  0.00 |
+------------------+------+-------+------------+-----------+-------+


6. CLOCK
--------

+------------+------+-------+------------+-----------+-------+
|  Site Type | Used | Fixed | Prohibited | Available | Util% |
+------------+------+-------+------------+-----------+-------+
| BUFGCE     |    8 |     0 |          0 |       116 |  6.90 |
| BUFGCE_DIV |    0 |     0 |          0 |        16 |  0.00 |
| BUFG_GT    |    4 |     0 |          0 |       168 |  2.38 |
| BUFG_PS    |    1 |     0 |          0 |        72 |  1.39 |
| BUFGCTRL*  |    0 |     0 |          0 |        32 |  0.00 |
| PLL        |    0 |     0 |          0 |         8 |  0.00 |
| MMCM       |    0 |     0 |          0 |         4 |  0.00 |
+------------+------+-------+------------+-----------+-------+
* Note: Each used BUFGCTRL counts as two GLOBAL CLOCK BUFFERs. This table does not include global clocking resources, only buffer cell usage. See the Clock Utilization Report (report_clock_utilization) for detailed accounting of global clocking resource availability.


7. ADVANCED
-----------

+-----------------+------+-------+------------+-----------+--------+
|    Site Type    | Used | Fixed | Prohibited | Available |  Util% |
+-----------------+------+-------+------------+-----------+--------+
| GTHE4_CHANNEL   |    1 |     1 |          0 |        24 |   4.17 |
| GTHE4_COMMON    |    1 |     0 |          0 |         6 |  16.67 |
| OBUFDS_GTE4     |    0 |     0 |          0 |        12 |   0.00 |
| OBUFDS_GTE4_ADV |    0 |     0 |          0 |        12 |   0.00 |
| PS8             |    1 |     0 |          0 |         1 | 100.00 |
| SYSMONE4        |    0 |     0 |          0 |         1 |   0.00 |
+-----------------+------+-------+------------+-----------+--------+


8. CONFIGURATION
----------------

+-------------+------+-------+------------+-----------+-------+
|  Site Type  | Used | Fixed | Prohibited | Available | Util% |
+-------------+------+-------+------------+-----------+-------+
| BSCANE2     |    1 |     0 |          0 |         4 | 25.00 |
| DNA_PORTE2  |    0 |     0 |          0 |         1 |  0.00 |
| EFUSE_USR   |    0 |     0 |          0 |         1 |  0.00 |
| FRAME_ECCE4 |    0 |     0 |          0 |         1 |  0.00 |
| ICAPE3      |    0 |     0 |          0 |         2 |  0.00 |
| MASTER_JTAG |    0 |     0 |          0 |         1 |  0.00 |
| STARTUPE3   |    0 |     0 |          0 |         1 |  0.00 |
+-------------+------+-------+------------+-----------+-------+


9. Primitives
-------------

+---------------+-------+---------------------+
|    Ref Name   |  Used | Functional Category |
+---------------+-------+---------------------+
| FDRE          | 52064 |            Register |
| LUT6          | 11710 |                 CLB |
| LUT2          | 10388 |                 CLB |
| LUT3          |  8105 |                 CLB |
| SRL16E        |  4701 |                 CLB |
| LUT5          |  3851 |                 CLB |
| LUT4          |  3415 |                 CLB |
| FDCE          |  2010 |            Register |
| FDSE          |  1925 |            Register |
| CARRY8        |  1877 |                 CLB |
| LUT1          |   967 |                 CLB |
| SRLC32E       |   657 |                 CLB |
| RAMD32        |   646 |                 CLB |
| FDPE          |   303 |            Register |
| MUXF7         |   240 |                 CLB |
| DSP48E2       |   208 |          Arithmetic |
| RAMB36E2      |   163 |            BLOCKRAM |
| RAMS32        |   110 |                 CLB |
| RAMB18E2      |    98 |            BLOCKRAM |
| FIFO36E2      |    64 |            BLOCKRAM |
| BUFGCE        |     8 |               Clock |
| SRLC16E       |     6 |                 CLB |
| BUFG_GT       |     4 |               Clock |
| BUFG_GT_SYNC  |     2 |               Clock |
| PS8           |     1 |            Advanced |
| OBUF          |     1 |                 I/O |
| IBUFDS_GTE4   |     1 |                 I/O |
| GTHE4_COMMON  |     1 |            Advanced |
| GTHE4_CHANNEL |     1 |            Advanced |
| BUFG_PS       |     1 |               Clock |
| BSCANE2       |     1 |       Configuration |
+---------------+-------+---------------------+


10. Black Boxes
---------------

+----------+------+
| Ref Name | Used |
+----------+------+


11. Instantiated Netlists
-------------------------

+----------+------+
| Ref Name | Used |
+----------+------+
| dbg_hub  |    1 |
+----------+------+


