14:18:55 DEBUG : Logs will be stored at '/home/elya/Public/ZCU102-Ethernet-main/2024.2/pl_eth_10g/Software/Vitis/IDE.log'.
14:19:04 INFO  : Launching XSCT server: xsct -n  -interactive /home/elya/Public/ZCU102-Ethernet-main/2024.2/pl_eth_10g/Software/Vitis/temp_xsdb_launch_script.tcl
14:19:04 INFO  : Registering command handlers for Vitis TCF services
14:19:04 INFO  : Platform repository initialization has completed.
14:19:06 INFO  : XSCT server has started successfully.
14:19:06 INFO  : Successfully done setting XSCT server connection channel  
14:19:06 INFO  : plnx-install-location is set to ''
14:19:06 INFO  : Successfully done query RDI_DATADIR 
14:19:06 INFO  : Successfully done setting workspace for the tool. 
11:16:43 INFO  : Connected to target on host '127.0.0.1' and port '3121'.
14:04:31 ERROR : (XSDB Server)couldn't change working directory to "../Petalinux": no such file or directory

14:07:04 ERROR : (XSDB Server)Code 16 Time 1749146824479 Format {Invalid context}

14:07:35 ERROR : (XSDB Server)Code 16 Time 1749146824479 Format {Invalid context}

14:07:48 ERROR : (XSDB Server)Code 16 Time 1749146824479 Format {Invalid context}

14:07:52 ERROR : (XSDB Server)Code 16 Time 1749146824479 Format {Invalid context}

15:35:44 ERROR : (XSDB Server)invalid ELF file

15:36:08 ERROR : (XSDB Server)Memory write error at 0x8000000. MMU fault at VA 0x8000000. Translation fault, level 2

15:19:31 DEBUG : Logs will be stored at '/home/elya/Public/ZCU102-Ethernet-main/2024.2/pl_eth_10g/Software/Vitis/IDE.log'.
15:19:32 INFO  : Launching XSCT server: xsct -n  -interactive /home/elya/Public/ZCU102-Ethernet-main/2024.2/pl_eth_10g/Software/Vitis/temp_xsdb_launch_script.tcl
15:19:33 INFO  : Platform repository initialization has completed.
15:19:33 INFO  : Registering command handlers for Vitis TCF services
15:19:34 INFO  : XSCT server has started successfully.
15:19:34 INFO  : plnx-install-location is set to ''
15:19:34 INFO  : Successfully done setting XSCT server connection channel  
15:19:34 INFO  : Successfully done query RDI_DATADIR 
15:19:34 INFO  : Successfully done setting workspace for the tool. 
