#-----------------------------------------------------------
# Vivado v2024.2 (64-bit)
# SW Build 5239630 on Fri Nov 08 22:34:34 MST 2024
# IP Build 5239520 on Sun Nov 10 16:12:51 MST 2024
# SharedData Build 5239561 on Fri Nov 08 14:39:27 MST 2024
# Start of session at: Wed Jun  4 10:58:54 2025
# Process ID         : 436609
# Current directory  : /home/elya/Public/ZCU102-Ethernet-main/2024.2/pl_eth_10g/Software/Vitis
# Command line       : vivado
# Log file           : /home/elya/Public/ZCU102-Ethernet-main/2024.2/pl_eth_10g/Software/Vitis/vivado.log
# Journal file       : /home/elya/Public/ZCU102-Ethernet-main/2024.2/pl_eth_10g/Software/Vitis/vivado.jou
# Running On         : maxwell
# Platform           : Ubuntu
# Operating System   : Ubuntu 22.04.5 LTS
# Processor Detail   : Intel(R) Core(TM) Ultra 7 155H
# CPU Frequency      : 2857.244 MHz
# CPU Physical cores : 16
# CPU Logical cores  : 22
# Host memory        : 66856 MB
# Swap memory        : 2147 MB
# Total Virtual      : 69003 MB
# Available Virtual  : 26264 MB
#-----------------------------------------------------------
start_gui
WARNING: [Board 49-26] cannot add Board Part xilinx.com:zcu208ld:part0:2.0 available at /home/elya/Xilinx/Vivado/2024.2/data/xhub/boards/XilinxBoardStore/boards/Xilinx/zcu208ld/production/2.0/board.xml as part xczu58dr-fsvg1517-2-i specified in board_part file is either invalid or not available
WARNING: [Board 49-26] cannot add Board Part xilinx.com:zcu216ld:part0:2.0 available at /home/elya/Xilinx/Vivado/2024.2/data/xhub/boards/XilinxBoardStore/boards/Xilinx/zcu216ld/production/2.0/board.xml as part xczu59dr-ffvf1760-2-i specified in board_part file is either invalid or not available
WARNING: [Board 49-26] cannot add Board Part xilinx.com:zcu670ld:part0:1.0 available at /home/elya/Xilinx/Vivado/2024.2/data/xhub/boards/XilinxBoardStore/boards/Xilinx/zcu670ld/1.0/board.xml as part xczu57dr-fsve1156-2-i specified in board_part file is either invalid or not available
exit
INFO: [Common 17-206] Exiting Vivado at Wed Jun  4 11:00:18 2025...
